<?xml version="1.0" encoding="UTF-8"?>
<testng-results ignored="0" total="1" passed="1" failed="0" skipped="0">
  <reporter-output>
  </reporter-output>
  <suite started-at="2024-04-25T07:00:46 IST" name="Default suite" finished-at="2024-04-25T07:00:47 IST" duration-ms="1078">
    <groups>
      <group name="cucumber">
        <method signature="AbstractTestNGCucumberTests.runScenario(io.cucumber.testng.PickleWrapper,io.cucumber.testng.FeatureWrapper)[pri:0, instance:TestRunner.CucumberTestRunnerForTags@217ed35e]" name="runScenario" class="io.cucumber.testng.AbstractTestNGCucumberTests"/>
      </group> <!-- cucumber -->
    </groups>
    <test started-at="2024-04-25T07:00:46 IST" name="Default test" finished-at="2024-04-25T07:00:47 IST" duration-ms="1078">
      <class name="TestRunner.CucumberTestRunnerForTags">
        <test-method is-config="true" signature="setUpClass(org.testng.ITestContext)[pri:0, instance:TestRunner.CucumberTestRunnerForTags@217ed35e]" started-at="2024-04-25T07:00:46 IST" name="setUpClass" finished-at="2024-04-25T07:00:46 IST" duration-ms="856" status="PASS">
          <params>
            <param index="0">
              <value>
                <![CDATA[org.testng.TestRunner@6f70f32f]]>
              </value>
            </param>
          </params>
          <reporter-output>
          </reporter-output>
        </test-method> <!-- setUpClass -->
        <test-method signature="runScenario(io.cucumber.testng.PickleWrapper,io.cucumber.testng.FeatureWrapper)[pri:0, instance:TestRunner.CucumberTestRunnerForTags@217ed35e]" started-at="2024-04-25T07:00:46 IST" name="runScenario" description="Runs Cucumber Scenarios" data-provider="scenarios" finished-at="2024-04-25T07:00:47 IST" duration-ms="108" status="PASS">
          <params>
            <param index="0">
              <value>
                <![CDATA["This is Scenario 1 from test 1 feature"]]>
              </value>
            </param>
            <param index="1">
              <value>
                <![CDATA["This is Test1 feature"]]>
              </value>
            </param>
          </params>
          <reporter-output>
          </reporter-output>
        </test-method> <!-- runScenario -->
        <test-method is-config="true" signature="tearDownClass()[pri:0, instance:TestRunner.CucumberTestRunnerForTags@217ed35e]" started-at="2024-04-25T07:00:47 IST" name="tearDownClass" finished-at="2024-04-25T07:00:47 IST" duration-ms="31" status="PASS">
          <reporter-output>
          </reporter-output>
        </test-method> <!-- tearDownClass -->
      </class> <!-- TestRunner.CucumberTestRunnerForTags -->
    </test> <!-- Default test -->
  </suite> <!-- Default suite -->
</testng-results>
